[debug] [2025-08-02T21:27:08.787Z] ----------------------------------------------------------------------
[debug] [2025-08-02T21:27:08.789Z] Command:       /nix/store/ws50yvm6vzlzf7jzz6n7xh4szddrack1-nodejs-20.19.1/bin/node /nix/store/fsdlxfaxdgx27856x49qycgdsyx5jxd3-firebase-tools-14.11.2/lib/node_modules/firebase-tools/lib/bin/firebase.js init
[debug] [2025-08-02T21:27:08.790Z] CLI Version:   14.11.2
[debug] [2025-08-02T21:27:08.790Z] Platform:      linux
[debug] [2025-08-02T21:27:08.790Z] Node Version:  v20.19.1
[debug] [2025-08-02T21:27:08.790Z] Time:          Sat Aug 02 2025 21:27:08 GMT+0000 (Coordinated Universal Time)
[debug] [2025-08-02T21:27:08.791Z] ----------------------------------------------------------------------
[debug] 
[debug] [2025-08-02T21:27:08.797Z] > command requires scopes: ["email","openid","https://www.googleapis.com/auth/cloudplatformprojects.readonly","https://www.googleapis.com/auth/firebase","https://www.googleapis.com/auth/cloud-platform"]
[debug] [2025-08-02T21:27:08.797Z] > authorizing via signed-in user (iniradelgado@gmail.com)
[info] 
     ######## #### ########  ######## ########     ###     ######  ########
     ##        ##  ##     ## ##       ##     ##  ##   ##  ##       ##
     ######    ##  ########  ######   ########  #########  ######  ######
     ##        ##  ##    ##  ##       ##     ## ##     ##       ## ##
     ##       #### ##     ## ######## ########  ##     ##  ######  ########

You're about to initialize a Firebase project in this directory:

  /home/user/studio

[info] 
=== Project Setup
[info] 
[info] First, let's associate this project directory with a Firebase project.
[info] You can create multiple project aliases by running firebase use --add, 
[info] but for now we'll just set up a default project.
[info] 
[debug] [2025-08-02T21:30:53.462Z] No OAuth tokens found
[debug] [2025-08-02T21:30:53.465Z] No OAuth tokens found
[debug] [2025-08-02T21:30:53.466Z] > command requires scopes: ["email","openid","https://www.googleapis.com/auth/cloudplatformprojects.readonly","https://www.googleapis.com/auth/firebase","https://www.googleapis.com/auth/cloud-platform"]
[debug] [2025-08-02T21:30:53.469Z] > authorizing via signed-in user (iniradelgado@gmail.com)
[debug] [2025-08-02T21:30:53.481Z] >>> [apiv2][query] GET https://firebase.googleapis.com/v1beta1/projects pageSize=100
[debug] [2025-08-02T21:30:53.895Z] <<< [apiv2][status] GET https://firebase.googleapis.com/v1beta1/projects 200
[debug] [2025-08-02T21:30:53.895Z] <<< [apiv2][body] GET https://firebase.googleapis.com/v1beta1/projects [omitted]
[info] i  Using project the-wealth-map ( The Wealth Map) 
[info] 
=== Hosting Setup
[debug] [2025-08-02T21:30:59.362Z] No OAuth tokens found
[debug] [2025-08-02T21:30:59.362Z] No OAuth tokens found
[debug] [2025-08-02T21:30:59.362Z] > command requires scopes: ["email","openid","https://www.googleapis.com/auth/cloudplatformprojects.readonly","https://www.googleapis.com/auth/firebase","https://www.googleapis.com/auth/cloud-platform"]
[debug] [2025-08-02T21:30:59.362Z] > authorizing via signed-in user (iniradelgado@gmail.com)
[debug] [2025-08-02T21:30:59.363Z] >>> [apiv2][query] GET https://firebase.googleapis.com/v1beta1/projects/the-wealth-map [none]
[debug] [2025-08-02T21:30:59.573Z] <<< [apiv2][status] GET https://firebase.googleapis.com/v1beta1/projects/the-wealth-map 200
[debug] [2025-08-02T21:30:59.574Z] <<< [apiv2][body] GET https://firebase.googleapis.com/v1beta1/projects/the-wealth-map {"projectId":"the-wealth-map","projectNumber":"902521497605","displayName":" The Wealth Map","name":"projects/the-wealth-map","resources":{"hostingSite":"the-wealth-map"},"state":"ACTIVE","etag":"1_fc2c264f-acfd-4a60-b054-19fed7fdf094"}
[info] 
[info] Your public directory is the folder (relative to your project directory) that
[info] will contain Hosting assets to be uploaded with firebase deploy. If you
[info] have a build process for your assets, use your build's output directory.
[info] 
